c:\users\bourkep\onedrive\modules\graphics and audio i\labs\sfml\starterproject\sfmlgame\sfmlgame\debug\vc120.pdb
c:\users\bourkep\onedrive\modules\graphics and audio i\labs\sfml\starterproject\sfmlgame\sfmlgame\debug\vc120.idb
c:\users\bourkep\onedrive\modules\graphics and audio i\labs\sfml\starterproject\sfmlgame\sfmlgame\debug\character.obj
c:\users\bourkep\onedrive\modules\graphics and audio i\labs\sfml\starterproject\sfmlgame\sfmlgame\debug\game.obj
c:\users\bourkep\onedrive\modules\graphics and audio i\labs\sfml\starterproject\sfmlgame\sfmlgame\debug\main.obj
c:\users\bourkep\onedrive\modules\graphics and audio i\labs\sfml\starterproject\sfmlgame\sfmlgame\debug\npc.obj
c:\users\bourkep\onedrive\modules\graphics and audio i\labs\sfml\starterproject\sfmlgame\sfmlgame\debug\player.obj
c:\users\socksup\skydrive\modules\graphics and audio i\labs\sfml\starterproject\sfmlgame\sfmlgame\debug\vc120.pdb
c:\users\socksup\skydrive\modules\graphics and audio i\labs\sfml\starterproject\sfmlgame\sfmlgame\debug\vc120.idb
c:\users\socksup\skydrive\modules\graphics and audio i\labs\sfml\starterproject\sfmlgame\sfmlgame\debug\character.obj
c:\users\socksup\skydrive\modules\graphics and audio i\labs\sfml\starterproject\sfmlgame\sfmlgame\debug\game.obj
c:\users\socksup\skydrive\modules\graphics and audio i\labs\sfml\starterproject\sfmlgame\sfmlgame\debug\main.obj
c:\users\socksup\skydrive\modules\graphics and audio i\labs\sfml\starterproject\sfmlgame\sfmlgame\debug\npc.obj
c:\users\socksup\skydrive\modules\graphics and audio i\labs\sfml\starterproject\sfmlgame\sfmlgame\debug\player.obj
c:\users\bourkep\onedrive\modules\graphics and audio i\labs\sfml\starterproject\sfmlgame\debug\sfmlgame.ilk
c:\users\bourkep\onedrive\modules\graphics and audio i\labs\sfml\starterproject\sfmlgame\debug\sfmlgame.exe
c:\users\bourkep\onedrive\modules\graphics and audio i\labs\sfml\starterproject\sfmlgame\debug\sfmlgame.pdb
c:\users\socksup\skydrive\modules\graphics and audio i\labs\sfml\starterproject\sfmlgame\debug\sfmlgame.ilk
c:\users\socksup\skydrive\modules\graphics and audio i\labs\sfml\starterproject\sfmlgame\debug\sfmlgame.exe
c:\users\socksup\skydrive\modules\graphics and audio i\labs\sfml\starterproject\sfmlgame\debug\sfmlgame.pdb
c:\users\socksup\skydrive\modules\graphics and audio i\labs\sfml\starterproject\sfmlgame\sfmlgame\debug\sfmlgame.tlog\cl.command.1.tlog
c:\users\socksup\skydrive\modules\graphics and audio i\labs\sfml\starterproject\sfmlgame\sfmlgame\debug\sfmlgame.tlog\cl.read.1.tlog
c:\users\socksup\skydrive\modules\graphics and audio i\labs\sfml\starterproject\sfmlgame\sfmlgame\debug\sfmlgame.tlog\cl.write.1.tlog
c:\users\socksup\skydrive\modules\graphics and audio i\labs\sfml\starterproject\sfmlgame\sfmlgame\debug\sfmlgame.tlog\link.command.1.tlog
c:\users\socksup\skydrive\modules\graphics and audio i\labs\sfml\starterproject\sfmlgame\sfmlgame\debug\sfmlgame.tlog\link.read.1.tlog
c:\users\socksup\skydrive\modules\graphics and audio i\labs\sfml\starterproject\sfmlgame\sfmlgame\debug\sfmlgame.tlog\link.write.1.tlog
